<?xml version="1.0" encoding="UTF-8" ?>
<testsuite tests="30" failures="0" name="RoverTest" time="0.063" errors="0" skipped="0">
  <properties>
    <property name="java.runtime.name" value="Java(TM) SE Runtime Environment"/>
    <property name="java.vm.version" value="10.0.1+10"/>
    <property name="sun.boot.library.path" value="/Library/Java/JavaVirtualMachines/jdk-10.0.1.jdk/Contents/Home/lib"/>
    <property name="gopherProxySet" value="false"/>
    <property name="maven.multiModuleProjectDirectory" value="/Users/octo-asa/Projects/katas/mars-rover-starter/java"/>
    <property name="java.vm.vendor" value="&quot;Oracle Corporation&quot;"/>
    <property name="java.vendor.url" value="http://java.oracle.com/"/>
    <property name="guice.disable.misplaced.annotation.check" value="true"/>
    <property name="path.separator" value=":"/>
    <property name="java.vm.name" value="Java HotSpot(TM) 64-Bit Server VM"/>
    <property name="file.encoding.pkg" value="sun.io"/>
    <property name="sun.os.patch.level" value="unknown"/>
    <property name="user.country" value="FR"/>
    <property name="sun.java.launcher" value="SUN_STANDARD"/>
    <property name="java.vm.specification.name" value="Java Virtual Machine Specification"/>
    <property name="user.dir" value="/Users/octo-asa/Projects/katas/mars-rover-starter/java"/>
    <property name="java.vm.compressedOopsMode" value="Zero based"/>
    <property name="java.runtime.version" value="10.0.1+10"/>
    <property name="java.awt.graphicsenv" value="sun.awt.CGraphicsEnvironment"/>
    <property name="os.arch" value="x86_64"/>
    <property name="java.io.tmpdir" value="/var/folders/qp/vc95vxc136d78vt8wygdd70m0000gn/T/"/>
    <property name="line.separator" value="
"/>
    <property name="java.vm.specification.vendor" value="Oracle Corporation"/>
    <property name="os.name" value="Mac OS X"/>
    <property name="classworlds.conf" value="/usr/local/Cellar/maven/3.5.2/libexec/bin/m2.conf"/>
    <property name="sun.jnu.encoding" value="UTF-8"/>
    <property name="java.library.path" value="/Users/octo-asa/Library/Java/Extensions:/Library/Java/Extensions:/Network/Library/Java/Extensions:/System/Library/Java/Extensions:/usr/lib/java:."/>
    <property name="maven.conf" value="/usr/local/Cellar/maven/3.5.2/libexec/conf"/>
    <property name="jdk.debug" value="release"/>
    <property name="java.class.version" value="54.0"/>
    <property name="java.specification.name" value="Java Platform API Specification"/>
    <property name="sun.management.compiler" value="HotSpot 64-Bit Tiered Compilers"/>
    <property name="os.version" value="10.12.6"/>
    <property name="library.jansi.path" value="/usr/local/Cellar/maven/3.5.2/libexec/lib/jansi-native"/>
    <property name="http.nonProxyHosts" value="local|*.local|169.254/16|*.169.254/16"/>
    <property name="user.home" value="/Users/octo-asa"/>
    <property name="user.timezone" value="Europe/Paris"/>
    <property name="java.awt.printerjob" value="sun.lwawt.macosx.CPrinterJob"/>
    <property name="file.encoding" value="UTF-8"/>
    <property name="java.specification.version" value="10"/>
    <property name="user.name" value="octo-asa"/>
    <property name="java.class.path" value="/usr/local/Cellar/maven/3.5.2/libexec/boot/plexus-classworlds-2.5.2.jar"/>
    <property name="java.vm.specification.version" value="10"/>
    <property name="sun.arch.data.model" value="64"/>
    <property name="sun.java.command" value="org.codehaus.plexus.classworlds.launcher.Launcher clean install"/>
    <property name="java.home" value="/Library/Java/JavaVirtualMachines/jdk-10.0.1.jdk/Contents/Home"/>
    <property name="user.language" value="fr"/>
    <property name="java.specification.vendor" value="Oracle Corporation"/>
    <property name="awt.toolkit" value="sun.lwawt.macosx.LWCToolkit"/>
    <property name="java.vm.info" value="mixed mode"/>
    <property name="java.version" value="10.0.1"/>
    <property name="java.vendor" value="Oracle Corporation"/>
    <property name="maven.home" value="/usr/local/Cellar/maven/3.5.2/libexec"/>
    <property name="file.separator" value="/"/>
    <property name="java.version.date" value="2018-04-17"/>
    <property name="java.vendor.url.bug" value="http://bugreport.java.com/bugreport/"/>
    <property name="sun.io.unicode.encoding" value="UnicodeBig"/>
    <property name="sun.cpu.endian" value="little"/>
    <property name="java.vendor.version" value="18.3"/>
    <property name="socksNonProxyHosts" value="local|*.local|169.254/16|*.169.254/16"/>
    <property name="ftp.nonProxyHosts" value="local|*.local|169.254/16|*.169.254/16"/>
    <property name="sun.cpu.isalist" value=""/>
  </properties>
  <testcase classname="RoverTest" name="run_rotate_to_north_on_right_command" time="0.058"/>
  <testcase classname="RoverTest" name="run_should_move_the_rover_forward_to_the_over_side_of_the_planet_west_direction" time="0"/>
  <testcase classname="RoverTest" name="run_rotate_to_north_on_left_command" time="0"/>
  <testcase classname="RoverTest" name="run_rotate_to_east_on_right_command" time="0"/>
  <testcase classname="RoverTest" name="display_should_return_graphical_representation_of_custom_initial_position" time="0"/>
  <testcase classname="RoverTest" name="run_rotate_to_east_on_left_command" time="0"/>
  <testcase classname="RoverTest" name="run_should_move_the_rover_backward_to_the_over_side_of_the_planet_south_direction" time="0"/>
  <testcase classname="RoverTest" name="run_rotate_to_south_on_right_command" time="0.001"/>
  <testcase classname="RoverTest" name="run_should_move_the_rover_backward_to_the_over_side_of_the_planet_west_direction" time="0"/>
  <testcase classname="RoverTest" name="run_should_move_backward_when_facing_east" time="0"/>
  <testcase classname="RoverTest" name="run_should_move_backward_when_facing_west" time="0"/>
  <testcase classname="RoverTest" name="run_should_move_the_rover_forward_to_the_over_side_of_the_planet_east_direction" time="0"/>
  <testcase classname="RoverTest" name="display_should_be_able_to_display_a_facing_direction_to_south" time="0"/>
  <testcase classname="RoverTest" name="run_should_move_the_rover_backward_to_the_over_side_of_the_planet" time="0"/>
  <testcase classname="RoverTest" name="run_should_move_backward_when_facing_north" time="0"/>
  <testcase classname="RoverTest" name="run_should_move_backward_when_facing_south" time="0.001"/>
  <testcase classname="RoverTest" name="run_should_move_the_rover_forward_to_the_over_side_of_the_planet_south_direction" time="0"/>
  <testcase classname="RoverTest" name="run_should_move_forward_when_facing_north" time="0.001"/>
  <testcase classname="RoverTest" name="run_should_move_forward_when_facing_south" time="0"/>
  <testcase classname="RoverTest" name="run_rotate_to_west_on_right_command" time="0"/>
  <testcase classname="RoverTest" name="run_should_move_the_rover_forward_to_the_over_side_of_the_planet" time="0"/>
  <testcase classname="RoverTest" name="run_on_multiple_commands" time="0"/>
  <testcase classname="RoverTest" name="run_should_move_the_rover_backward_to_the_over_side_of_the_planet_east_direction" time="0"/>
  <testcase classname="RoverTest" name="run_should_move_forward_when_facing_east" time="0"/>
  <testcase classname="RoverTest" name="run_should_move_forward_when_facing_west" time="0.001"/>
  <testcase classname="RoverTest" name="run_rotate_to_west_on_left_command" time="0"/>
  <testcase classname="RoverTest" name="run_rotate_to_south_on_left_command" time="0"/>
  <testcase classname="RoverTest" name="display_should_be_able_to_display_a_facing_direction_to_east" time="0"/>
  <testcase classname="RoverTest" name="display_should_be_able_to_display_a_facing_direction_to_west" time="0.001"/>
  <testcase classname="RoverTest" name="display_should_return_graphical_representation_of_default_initial_position" time="0"/>
</testsuite>